Connecting to database specified by database.yml
Connecting to database specified by database.yml
Connecting to database specified by database.yml
  [1m[36m (171.9ms)[0m  [1mCREATE TABLE `schema_migrations` (`version` varchar(255) NOT NULL) ENGINE=InnoDB[0m
  [1m[35m (158.5ms)[0m  CREATE UNIQUE INDEX `unique_schema_migrations` ON `schema_migrations` (`version`)
  [1m[36m (15.8ms)[0m  [1mSELECT `schema_migrations`.`version` FROM `schema_migrations` [0m


Started GET "/projects" for 127.0.0.1 at 2013-01-17 10:11:53 +0530
Connecting to database specified by database.yml

ActionController::RoutingError (No route matches [GET] "/projects"):
  actionpack (3.2.11) lib/action_dispatch/middleware/debug_exceptions.rb:21:in `call'
  actionpack (3.2.11) lib/action_dispatch/middleware/show_exceptions.rb:56:in `call'
  railties (3.2.11) lib/rails/rack/logger.rb:32:in `call_app'
  railties (3.2.11) lib/rails/rack/logger.rb:16:in `block in call'
  activesupport (3.2.11) lib/active_support/tagged_logging.rb:22:in `tagged'
  railties (3.2.11) lib/rails/rack/logger.rb:16:in `call'
  actionpack (3.2.11) lib/action_dispatch/middleware/request_id.rb:22:in `call'
  rack (1.4.4) lib/rack/methodoverride.rb:21:in `call'
  rack (1.4.4) lib/rack/runtime.rb:17:in `call'
  activesupport (3.2.11) lib/active_support/cache/strategy/local_cache.rb:72:in `call'
  rack (1.4.4) lib/rack/lock.rb:15:in `call'
  actionpack (3.2.11) lib/action_dispatch/middleware/static.rb:62:in `call'
  railties (3.2.11) lib/rails/engine.rb:479:in `call'
  railties (3.2.11) lib/rails/application.rb:223:in `call'
  rack (1.4.4) lib/rack/content_length.rb:14:in `call'
  railties (3.2.11) lib/rails/rack/log_tailer.rb:17:in `call'
  rack (1.4.4) lib/rack/handler/webrick.rb:59:in `service'
  /usr/local/lib/ruby/1.9.1/webrick/httpserver.rb:138:in `service'
  /usr/local/lib/ruby/1.9.1/webrick/httpserver.rb:94:in `run'
  /usr/local/lib/ruby/1.9.1/webrick/server.rb:191:in `block in start_thread'


  Rendered /usr/local/lib/ruby/gems/1.9.1/gems/actionpack-3.2.11/lib/action_dispatch/middleware/templates/rescues/routing_error.erb within rescues/layout (27.4ms)


Started GET "/static_pages/about" for 127.0.0.1 at 2013-01-17 10:12:22 +0530
Processing by StaticPagesController#about as HTML
  Rendered static_pages/about.html.erb within layouts/application (0.5ms)
Compiled static_pages.css  (29ms)  (pid 2828)
Compiled application.css  (41ms)  (pid 2828)
Compiled jquery.js  (3ms)  (pid 2828)
Compiled jquery_ujs.js  (0ms)  (pid 2828)
Compiled static_pages.js  (541ms)  (pid 2828)
Compiled application.js  (609ms)  (pid 2828)
Completed 200 OK in 738ms (Views: 737.0ms | ActiveRecord: 0.0ms)


Started GET "/assets/application.css?body=1" for 127.0.0.1 at 2013-01-17 10:12:23 +0530
Served asset /application.css - 200 OK (34ms)


Started GET "/assets/static_pages.css?body=1" for 127.0.0.1 at 2013-01-17 10:12:23 +0530
Served asset /static_pages.css - 200 OK (4ms)


Started GET "/assets/jquery.js?body=1" for 127.0.0.1 at 2013-01-17 10:12:23 +0530
Served asset /jquery.js - 200 OK (4ms)


Started GET "/assets/static_pages.js?body=1" for 127.0.0.1 at 2013-01-17 10:12:23 +0530
Served asset /static_pages.js - 200 OK (2ms)


Started GET "/assets/jquery_ujs.js?body=1" for 127.0.0.1 at 2013-01-17 10:12:23 +0530
Served asset /jquery_ujs.js - 200 OK (4ms)


Started GET "/assets/application.js?body=1" for 127.0.0.1 at 2013-01-17 10:12:23 +0530
Served asset /application.js - 200 OK (6ms)


Started GET "/static_pages/about" for 127.0.0.1 at 2013-01-17 11:31:24 +0530
Connecting to database specified by database.yml
Processing by StaticPagesController#about as HTML
  Rendered static_pages/about.html.erb (1.7ms)
Completed 200 OK in 29ms (Views: 28.6ms | ActiveRecord: 0.0ms)


Started GET "/static_pages/home" for 127.0.0.1 at 2013-01-17 11:31:31 +0530
Processing by StaticPagesController#home as HTML
  Rendered static_pages/home.html.erb (0.7ms)
Completed 200 OK in 4ms (Views: 3.0ms | ActiveRecord: 0.0ms)


Started GET "/static_pages/home" for 127.0.0.1 at 2013-01-17 11:55:28 +0530
Connecting to database specified by database.yml
Processing by StaticPagesController#home as HTML
  Rendered static_pages/home.html.erb within layouts/application (1.7ms)
Completed 200 OK in 40ms (Views: 39.7ms | ActiveRecord: 0.0ms)


Started GET "/assets/application.css?body=1" for 127.0.0.1 at 2013-01-17 11:55:28 +0530
Served asset /application.css - 304 Not Modified (7ms)


Started GET "/assets/static_pages.css?body=1" for 127.0.0.1 at 2013-01-17 11:55:28 +0530
Served asset /static_pages.css - 304 Not Modified (4ms)


Started GET "/assets/jquery_ujs.js?body=1" for 127.0.0.1 at 2013-01-17 11:55:28 +0530
Served asset /jquery_ujs.js - 304 Not Modified (1ms)


Started GET "/assets/jquery.js?body=1" for 127.0.0.1 at 2013-01-17 11:55:28 +0530
Served asset /jquery.js - 304 Not Modified (4ms)


Started GET "/assets/application.js?body=1" for 127.0.0.1 at 2013-01-17 11:55:28 +0530
Served asset /application.js - 304 Not Modified (4ms)


Started GET "/assets/static_pages.js?body=1" for 127.0.0.1 at 2013-01-17 11:55:28 +0530
Served asset /static_pages.js - 304 Not Modified (1ms)


Started GET "/static_pages/home" for 127.0.0.1 at 2013-01-17 11:55:30 +0530
Processing by StaticPagesController#home as HTML
  Rendered static_pages/home.html.erb within layouts/application (0.1ms)
Completed 200 OK in 8ms (Views: 8.0ms | ActiveRecord: 0.0ms)


Started GET "/assets/application.css?body=1" for 127.0.0.1 at 2013-01-17 11:55:30 +0530
Served asset /application.css - 304 Not Modified (4ms)


Started GET "/assets/static_pages.css?body=1" for 127.0.0.1 at 2013-01-17 11:55:30 +0530
Served asset /static_pages.css - 304 Not Modified (0ms)


Started GET "/assets/jquery.js?body=1" for 127.0.0.1 at 2013-01-17 11:55:30 +0530
Served asset /jquery.js - 304 Not Modified (0ms)


Started GET "/assets/jquery_ujs.js?body=1" for 127.0.0.1 at 2013-01-17 11:55:30 +0530
Served asset /jquery_ujs.js - 304 Not Modified (0ms)


Started GET "/assets/static_pages.js?body=1" for 127.0.0.1 at 2013-01-17 11:55:30 +0530
Served asset /static_pages.js - 304 Not Modified (0ms)


Started GET "/assets/application.js?body=1" for 127.0.0.1 at 2013-01-17 11:55:30 +0530
Served asset /application.js - 304 Not Modified (0ms)


Started GET "/static_pages/help" for 127.0.0.1 at 2013-01-17 11:55:36 +0530
Processing by StaticPagesController#help as HTML
  Rendered static_pages/help.html.erb within layouts/application (0.6ms)
Completed 200 OK in 26ms (Views: 25.7ms | ActiveRecord: 0.0ms)


Started GET "/assets/application.css?body=1" for 127.0.0.1 at 2013-01-17 11:55:37 +0530
Served asset /application.css - 304 Not Modified (1ms)


Started GET "/assets/jquery_ujs.js?body=1" for 127.0.0.1 at 2013-01-17 11:55:37 +0530
Served asset /jquery_ujs.js - 304 Not Modified (3ms)


Started GET "/assets/jquery.js?body=1" for 127.0.0.1 at 2013-01-17 11:55:37 +0530
Served asset /jquery.js - 304 Not Modified (2ms)


Started GET "/assets/static_pages.js?body=1" for 127.0.0.1 at 2013-01-17 11:55:37 +0530
Served asset /static_pages.js - 304 Not Modified (0ms)


Started GET "/assets/application.js?body=1" for 127.0.0.1 at 2013-01-17 11:55:37 +0530
Served asset /application.js - 304 Not Modified (1ms)


Started GET "/assets/static_pages.css?body=1" for 127.0.0.1 at 2013-01-17 11:55:37 +0530
Served asset /static_pages.css - 304 Not Modified (0ms)


Started GET "/static_pages/about" for 127.0.0.1 at 2013-01-17 11:55:49 +0530
Processing by StaticPagesController#about as HTML
  Rendered static_pages/about.html.erb within layouts/application (0.4ms)
Completed 200 OK in 36ms (Views: 34.9ms | ActiveRecord: 0.0ms)


Started GET "/assets/application.css?body=1" for 127.0.0.1 at 2013-01-17 11:55:49 +0530
Served asset /application.css - 304 Not Modified (1ms)


Started GET "/assets/static_pages.css?body=1" for 127.0.0.1 at 2013-01-17 11:55:49 +0530
Served asset /static_pages.css - 304 Not Modified (0ms)


Started GET "/assets/jquery.js?body=1" for 127.0.0.1 at 2013-01-17 11:55:49 +0530
Served asset /jquery.js - 304 Not Modified (2ms)


Started GET "/assets/static_pages.js?body=1" for 127.0.0.1 at 2013-01-17 11:55:49 +0530
Served asset /static_pages.js - 304 Not Modified (0ms)


Started GET "/assets/jquery_ujs.js?body=1" for 127.0.0.1 at 2013-01-17 11:55:49 +0530
Served asset /jquery_ujs.js - 304 Not Modified (0ms)


Started GET "/assets/application.js?body=1" for 127.0.0.1 at 2013-01-17 11:55:49 +0530
Served asset /application.js - 304 Not Modified (1ms)
